<?xml version="1.0" encoding="UTF-8"?>
<coverage generated="1583479551429" clover="3.2.0">
  <project timestamp="1583479551429" name="All files">
    <metrics statements="3" coveredstatements="3" conditionals="6" coveredconditionals="4" methods="1" coveredmethods="1" elements="10" coveredelements="8" complexity="0" loc="3" ncloc="3" packages="1" files="1" classes="1"/>
    <file name="paginator.ts" path="C:\Users\归去来兮\Desktop\GraphQL-API\app\util\paginator.ts">
      <metrics statements="3" coveredstatements="3" conditionals="6" coveredconditionals="4" methods="1" coveredmethods="1"/>
      <line num="10" count="1" type="cond" truecount="0" falsecount="2"/>
      <line num="11" count="4" type="cond" truecount="4" falsecount="0"/>
      <line num="12" count="2" type="stmt"/>
    </file>
  </project>
</coverage>
