{"C:\\Users\\归去来兮\\Desktop\\GraphQL-API\\app\\util\\paginator.ts": {"path":"C:\\Users\\归去来兮\\Desktop\\GraphQL-API\\app\\util\\paginator.ts","statementMap":{"0":{"start":{"line":10,"column":30},"end":{"line":13,"column":1}},"1":{"start":{"line":11,"column":2},"end":{"line":11,"column":43}},"2":{"start":{"line":11,"column":31},"end":{"line":11,"column":43}},"3":{"start":{"line":12,"column":2},"end":{"line":12,"column":55}}},"fnMap":{"0":{"name":"(anonymous_0)","decl":{"start":{"line":10,"column":30},"end":{"line":10,"column":31}},"loc":{"start":{"line":10,"column":66},"end":{"line":13,"column":1}},"line":10}},"branchMap":{"0":{"loc":{"start":{"line":10,"column":31},"end":{"line":10,"column":41}},"type":"default-arg","locations":[{"start":{"line":10,"column":40},"end":{"line":10,"column":41}}],"line":10},"1":{"loc":{"start":{"line":10,"column":43},"end":{"line":10,"column":53}},"type":"default-arg","locations":[{"start":{"line":10,"column":51},"end":{"line":10,"column":53}}],"line":10},"2":{"loc":{"start":{"line":11,"column":2},"end":{"line":11,"column":43}},"type":"if","locations":[{"start":{"line":11,"column":2},"end":{"line":11,"column":43}},{"start":{"line":11,"column":2},"end":{"line":11,"column":43}}],"line":11},"3":{"loc":{"start":{"line":11,"column":6},"end":{"line":11,"column":29}},"type":"binary-expr","locations":[{"start":{"line":11,"column":6},"end":{"line":11,"column":16}},{"start":{"line":11,"column":20},"end":{"line":11,"column":29}}],"line":11}},"s":{"0":1,"1":4,"2":2,"3":2},"f":{"0":4},"b":{"0":[0],"1":[0],"2":[2,2],"3":[4,3]},"_coverageSchema":"1a1c01bbd47fc00a2c39e90264f33305004495a9","hash":"8e5a0fd6c141936a421ce6be95a90aaa339d1720"}
}
